%Speed = (
  'hpcvmask-com' => {
    '20031104T073000' => '37:100:10824:19.6:11166:4.8:9552: 3.9:62822:100.0:639999:93.7:5633.8:22.5',
    '20031104T080000' => '38:100:10975:19.7:10951:4.1:9360: 3.8:62822:100.0:330322:48.4:5479.5:24.7',
    '20031103T090315' => '198:500:8800:15.8:9221:3.5:9273: 3.6:24048:40.4:673684:98.7:5479.5:28.8',
    '20031103T123000' => '38:100:11094:20.6:10343:4.4:9490: 3.8:62439:98.8:682666:106.7:5555.6:22.2',
    '20031104T090000' => '38:100:10998:19.9:9980:4.6:9411: 3.8:62060:98.2:639999:93.7:4123.7:18.6',
    '20031103T220001' => '38:100:10459:18.8:10524:4.7:9420: 3.7:62439:98.8:682666:100.0:5128.2:24.4',
    '20031104T053001' => '37:100:11106:20.0:10813:4.8:9588: 3.9:62822:99.4:640000:93.8:5405.4:21.6',
    '20031104T110000' => '41:100:9827:17.7:9411:3.5:8641: 3.4:59883:95.3:682666:100.0:5063.3:22.8',
    '20031103T093001' => '37:100:11034:19.9:11010:4.3:9534: 3.8:62439:99.4:682666:100.0:5333.3:24.0',
    '20031103T110000' => '37:100:11070:20.2:10108:3.8:9570: 3.8:62439:100.0:682666:93.3:4819.3:22.9',
    '20031103T180000' => '37:100:11046:19.8:11106:4.3:9543: 3.7:62822:99.4:682666:106.7:5479.5:24.7',
    '20031104T113000' => '41:100:10148:18.3:10029:3.7:8789: 3.6:62439:98.8:682666:106.7:2739.7:11.0',
    '20031103T163001' => '38:100:11058:19.9:10745:4.0:9225: 3.7:62439:98.8:682666:93.3:5194.8:24.7',
    '20031103T233001' => '38:100:11154:20.0:10240:4.6:9561: 3.8:62822:100.0:639999:93.7:5263.2:26.3',
    '20031104T100001' => '40:100:10088:18.2:9865:3.8:8881: 3.6:62822:99.4:682666:100.0:4938.3:22.2',
    '20031103T120001' => '37:100:10677:19.6:11154:4.8:9525: 3.7:62822:100.0:639999:87.5:4166.7:15.6',
    '20031104T020001' => '37:100:11106:20.0:10556:3.8:9543: 3.9:58514:93.1:445217:65.2:5714.3:22.9',
    '20031103T223000' => '38:100:11118:20.0:9941:3.7:9534: 3.8:62822:99.4:682666:106.7:5479.5:24.7',
    '20031103T193001' => '37:100:11142:20.0:10951:4.9:9579: 3.9:62822:99.4:682666:106.7:5479.5:24.7',
    '20050115T111350' => '',
    '20050115T111316' => '',
    '20031104T063000' => '38:100:11022:19.9:10928:3.9:9570: 4.0:62060:99.4:276756:40.5:5633.8:22.5',
    '20031103T143000' => '40:100:10209:18.3:9006:3.4:9142: 3.6:63209:100.0:682666:106.7:4081.6:17.3',
    '20040408T153154' => '44:100:10622:19.2:6593:2.5:9660: 3.9:62822:100.0:682666:93.3:3539.8:15.0',
    '20031103T200000' => '37:100:11070:19.9:10801:4.9:9552: 3.8:62822:99.4:319999:50.0:5405.4:25.7',
    '20031104T023001' => '39:100:9696:17.5:10905:4.8:9579: 3.8:62822:99.4:639999:93.7:3883.5:15.5',
    '20031104T060001' => '38:100:10219:18.5:10622:4.0:9579: 3.9:63209:100.0:682666:100.0:5479.5:24.7',
    '20031104T103000' => '40:100:10138:18.2:9980:4.3:8812: 3.6:62822:99.4:682666:100.0:4210.5:16.8',
    '20031104T083001' => '37:100:11022:19.8:10524:4.6:9534: 3.9:62439:98.8:682666:106.7:5479.5:24.7',
    '20031103T183001' => '37:100:11034:19.8:10940:4.8:9543: 3.8:54179:85.7:353103:55.2:5479.5:23.3',
    '20031103T150001' => '38:100:11070:19.9:9534:4.1:9543: 3.8:63209:100.0:682666:100.0:5633.8:22.5',
    '20031104T070001' => '38:100:11034:19.8:10524:4.7:9455: 3.9:61686:97.6:682666:100.0:4301.1:20.4',
    '20031103T203000' => '38:100:11010:19.9:10353:4.4:9552: 3.9:62822:100.0:640000:93.8:5633.8:23.9',
    '20031103T213001' => '38:100:11094:20.0:10534:4.7:9266: 3.8:59883:94.7:341333:50.0:5479.5:24.7',
    '20031104T050001' => '39:100:9377:16.9:10524:4.6:9588: 3.9:62822:99.4:379259:59.3:5063.3:20.3',
    '20031103T210001' => '36:100:10987:19.8:11142:5.1:9534: 3.9:62822:99.4:682666:100.0:5479.5:24.7',
    '20031103T170001' => '39:100:10312:18.5:10332:3.9:9086: 3.5:62822:99.4:511999:75.0:4878.0:20.7',
    '20031103T160001' => '37:100:10951:19.7:10801:4.1:9525: 3.7:62822:99.4:640000:87.5:5263.2:22.4',
    '20031103T130001' => '38:100:11118:20.1:10049:3.8:9516: 3.8:63209:100.6:640000:93.8:5333.3:26.7',
    '20031104T043001' => '38:100:11118:20.3:10470:4.0:9570: 4.0:62822:99.4:682666:100.0:5333.3:26.7',
    '20031104T040001' => '37:100:11058:20.0:10374:4.6:9579: 3.8:62822:99.4:682666:106.7:5714.3:22.9',
    '20031103T140001' => '40:100:10189:18.3:9543:3.5:8943: 3.4:62822:99.4:682666:100.0:4705.9:20.0',
    '20031103T103001' => '37:100:11094:20.9:10998:4.9:9343: 3.9:62822:100.0:682666:100.0:5333.3:25.3',
    '20031104T013001' => '39:100:9884:17.9:9855:3.7:9561: 3.8:62439:99.4:682666:100.0:5633.8:22.5',
    '20031103T153001' => '37:100:10801:19.4:10756:4.6:9552: 3.8:62822:99.4:682666:106.7:5633.8:22.5',
    '20031024T130000' => '202:500:8016:14.6:9520:3.9:9287: 3.6:23115:38.7:581818:86.4:5970.1:32.8',
    '20031104T093000' => '41:100:9999:18.1:9029:3.9:8476: 3.4:62439:99.4:682666:100.0:5555.6:22.2',
    '20031103T100001' => '39:100:11070:20.2:9326:3.5:9463: 4.0:52244:83.2:682666:106.7:5000.0:20.0',
    '20031104T010001' => '37:100:11010:19.9:10824:4.7:9543: 3.9:62822:99.4:682666:106.7:5555.6:22.2',
    '20031104T030001' => '37:100:11118:20.1:10688:4.6:9579: 3.9:62822:99.4:682666:106.7:5633.8:22.5',
    '20031104T000001' => '37:100:11106:20.1:10905:4.7:9561: 3.9:63209:100.6:640000:93.8:5555.6:22.2',
    '20031024T120001' => '229:500:6862:12.4:8823:3.5:7769: 2.9:22654:45.5:673684:98.7:5263.2:27.6',
    '20070626T132128' => '',
    '20031103T133000' => '37:100:11058:20.0:10893:4.7:9481: 3.7:62439:98.8:682666:106.7:5479.5:23.3',
    '20031103T230000' => '38:100:10567:19.0:11106:5.0:9455: 3.9:61686:97.6:310303:45.5:5405.4:25.7',
    '20031104T003001' => '38:100:10481:18.8:10882:4.9:9534: 3.9:62822:100.0:512000:75.0:5263.2:23.7',
    '20031104T033000' => '38:100:10870:19.5:10905:4.0:9579: 3.8:62822:99.4:330322:51.6:5555.6:25.0',
    '20031103T190001' => '38:100:10374:18.7:10029:4.4:9543: 3.8:62822:99.4:682666:100.0:5479.5:21.9',
    '20031103T173000' => '37:100:11106:20.0:10893:4.8:9516: 3.8:62439:99.4:682666:93.3:5633.8:22.5'
  },
  'localdisk' => {
    '20031104T073000' => '13:100:53894:95.8:86779:28.0:165161:64.5:58514:100.0:602352:100.0:30769.2:100.0',
    '20031104T080000' => '17:100:50693:89.1:301176:97.1:24380:10.2:35679:61.7:269473:44.7:33333.3:108.3',
    '20031103T090315' => '59:500:41423:73.5:66407:24.0:41323:17.6:52405:90.0:648101:101.3:30769.2:100.0',
    '20031103T123000' => '17:100:51979:94.4:179649:78.9:20897:11.0:31999:55.9:602352:88.2:33333.3:100.0',
    '20031104T090000' => '15:100:50196:92.6:301176:100.0:34829:14.3:36967:64.3:602352:88.2:33333.3:108.3',
    '20031103T220001' => '15:100:50196:92.2:310303:103.0:23325:9.3:38208:66.4:602352:88.2:33333.3:100.0',
    '20031104T053001' => '12:100:53894:97.4:84628:27.3:249756:97.6:57528:98.3:602352:94.1:30769.2:100.0',
    '20031104T110000' => '12:100:52512:91.3:243809:81.0:255999:95.0:48301:84.9:639999:93.7:30769.2:100.0',
    '20031103T093001' => '13:100:53894:93.2:86779:28.0:204800:80.0:57528:98.3:640000:100.0:30769.2:100.0',
    '20031103T110000' => '16:100:52783:93.3:292571:97.1:37647:15.8:35679:61.7:640000:100.0:30769.2:100.0',
    '20031103T180000' => '12:100:55956:96.7:301176:94.1:262564:102.6:41124:72.3:640000:100.0:30769.2:100.0',
    '20031104T113000' => '11:100:48530:88.6:292571:97.1:262564:100.0:54468:95.2:640000:100.0:28571.4:100.0',
    '20031103T163001' => '12:100:54759:95.2:89824:28.9:152835:59.7:57853:98.9:640000:100.0:30769.2:100.0',
    '20031103T233001' => '16:100:53333:94.3:310303:103.0:20439:8.0:38496:66.9:602352:94.1:33333.3:100.0',
    '20031104T100001' => '16:100:51717:94.9:292571:94.3:34711:14.6:26055:45.5:602352:94.1:30769.2:100.0',
    '20031103T120001' => '13:100:41795:76.7:88275:28.4:243809:100.0:57853:98.9:639999:100.0:33333.3:100.0',
    '20031104T020001' => '16:100:44329:77.1:284444:94.4:76992:28.6:19430:33.2:227555:33.3:30769.2:100.0',
    '20031103T223000' => '16:100:53612:94.8:301176:97.1:33684:13.8:27750:48.2:602352:88.2:33333.3:100.0',
    '20031103T193001' => '14:100:53894:97.4:89043:28.7:54759:21.9:58181:100.0:640000:93.8:30769.2:100.0',
    '20050115T111350' => '',
    '20050115T111316' => '',
    '20031104T063000' => '15:100:49230:85.1:276756:94.6:96603:35.8:19033:32.5:213333:31.3:30769.2:100.0',
    '20031103T143000' => '17:100:51457:94.0:301176:97.1:33573:13.8:26122:45.4:602352:94.1:33333.3:100.0',
    '20040408T153154' => '12:100:57528:98.9:292571:97.1:238139:95.3:56574:98.9:639999:106.2:30769.2:92.3',
    '20031103T200000' => '17:100:44329:78.8:124878:41.5:78167:30.5:18584:31.4:208979:32.7:30769.2:100.0',
    '20031104T023001' => '14:100:49951:90.7:256000:80.0:50693:20.8:28209:48.5:639999:106.2:30769.2:100.0',
    '20031104T060001' => '12:100:55652:96.2:284444:91.7:213333:83.3:50693:89.1:639999:100.0:30769.2:100.0',
    '20031104T103000' => '16:100:51200:93.0:167868:54.1:95700:36.4:18318:31.3:167868:26.2:30769.2:100.0',
    '20031104T083001' => '17:100:53612:94.2:301176:94.1:25472:11.2:30029:51.9:602352:94.1:30769.2:100.0',
    '20031103T183001' => '16:100:41457:74.1:84628:27.3:72624:27.0:21288:36.2:204800:34.0:30769.2:100.0',
    '20031103T150001' => '16:100:51457:91.0:292571:94.3:22164:8.9:33032:56.8:602352:94.1:30769.2:100.0',
    '20031104T070001' => '12:100:53894:97.4:276756:91.9:165161:64.5:56574:98.9:639999:100.0:30769.2:100.0',
    '20031103T203000' => '12:100:52783:94.8:84628:28.1:249756:95.1:57853:98.9:640000:100.0:30769.2:107.7',
    '20031103T213001' => '16:100:44521:79.1:301176:100.0:40634:16.3:29340:50.4:165161:27.4:30769.2:100.0',
    '20031104T050001' => '17:100:44912:80.7:93944:30.3:68724:25.5:17716:30.1:189629:31.5:30769.2:100.0',
    '20031103T210001' => '15:100:46126:83.8:193207:62.3:256000:97.5:24854:41.5:640000:106.3:33333.3:100.0',
    '20031103T170001' => '16:100:43574:76.6:150588:50.0:88275:34.5:22604:38.0:186181:29.1:33333.3:108.3',
    '20031103T160001' => '13:100:53612:92.7:90619:29.2:227555:84.4:57528:98.9:640000:93.8:33333.3:108.3',
    '20031103T130001' => '18:100:48761:85.7:310303:93.9:31507:13.2:19692:33.7:243809:35.7:30769.2:100.0',
    '20031104T043001' => '11:100:52244:91.8:292571:97.1:162539:63.5:56574:99.4:640000:93.8:30769.2:100.0',
    '20031104T040001' => '14:100:35679:63.8:91428:30.4:88275:32.8:57528:98.3:640000:100.0:30769.2:100.0',
    '20031103T140001' => '15:100:53333:94.8:301176:97.1:22212:8.9:37372:65.0:568888:94.4:33333.3:100.0',
    '20031103T103001' => '19:100:53894:95.3:292571:97.1:25728:10.8:21880:36.5:639999:106.2:33333.3:108.3',
    '20031104T013001' => '12:100:49230:85.6:292571:97.1:256000:100.0:56888:99.4:682666:113.3:30769.2:100.0',
    '20031103T153001' => '12:100:50196:86.8:276756:91.9:255999:97.5:55351:96.8:640000:100.0:30769.2:100.0',
    '20031024T130000' => '50:500:47627:84.5:96603:35.7:44560:20.6:57015:97.4:632098:97.5:30769.2:100.0',
    '20031104T093000' => '17:100:51200:93.5:292571:97.1:23219:9.8:37785:65.7:568888:83.3:33333.3:100.0',
    '20031103T100001' => '18:100:48761:85.7:276756:91.9:28365:12.2:27306:47.5:568888:88.9:30769.2:100.0',
    '20031104T010001' => '12:100:53056:95.9:89824:29.8:249756:95.1:57206:97.8:639999:100.0:30769.2:100.0',
    '20031104T030001' => '12:100:52783:94.8:284444:94.4:238139:90.7:41795:73.1:640000:100.0:30769.2:100.0',
    '20031104T000001' => '16:100:51717:94.9:292571:94.3:23063:9.0:38066:66.2:602352:88.2:30769.2:100.0',
    '20031024T120001' => '55:500:53951:94.3:243809:89.5:25447:11.0:37020:63.5:639999:100.0:30769.2:100.0',
    '20070626T132128' => '',
    '20031103T133000' => '15:100:50443:92.1:301176:97.1:37236:15.3:36702:63.8:639999:93.7:33333.3:100.0',
    '20031103T230000' => '17:100:38935:71.5:292571:94.3:38496:15.0:30658:53.0:222608:37.0:30769.2:100.0',
    '20031104T003001' => '17:100:45919:83.9:182857:57.1:24914:10.5:29340:50.7:179649:29.8:30769.2:100.0',
    '20031104T033000' => '16:100:46126:79.7:93090:30.9:92252:36.0:20813:35.4:182857:28.6:30769.2:100.0',
    '20031103T190001' => '12:100:53612:96.9:292571:100.0:255999:97.5:56263:98.9:640000:93.8:30769.2:100.0',
    '20031103T173000' => '13:100:53612:96.3:284444:94.4:256000:95.0:41124:71.9:640000:100.0:30769.2:100.0'
  },
  'hpcvimd9' => {
    '20031024T130000' => '241:500:9334:16.7:10442:4.1:5157: 1.9:19154:33.2:664935:100.0:828.2: 6.0',
    '20031103T100001' => '54:100:10767:19.7:10998:4.1:5109: 2.2:58850:94.3:200784:29.4:546.4: 2.6',
    '20031103T090315' => '229:500:10919:19.3:10919:4.2:5260: 2.0:19821:33.9:656410:98.7:772.2: 4.4',
    '20031024T120001' => '237:500:10474:18.6:10797:4.1:5211: 1.9:16342:28.6:664935:97.4:826.4: 5.8',
    '20040408T153154' => '11:100:57528:99.4:284444:100.0:249756:97.6:56888:98.9:602352:100.0:33333.3:100.0',
    '20031103T093001' => '52:100:10790:19.6:11010:4.2:5187: 2.2:63209:101.2:639999:87.5:568.2: 2.7',
    '20031103T110000' => '53:100:10790:19.7:10905:4.2:5237: 2.2:62822:99.4:682666:93.3:556.3: 2.4',
    '20031103T103001' => '56:100:10940:20.0:10847:4.4:5216: 2.1:20728:33.2:262564:38.5:595.2: 2.7'
  },
  'hpcvifm' => {
    '20031024T130000' => '50:500:56512:97.2:89982:33.2:160000:87.8:57592:98.5:556521:87.0:30769.2:100.0',
    '20031103T100001' => '14:100:49951:88.3:301176:94.1:44716:18.8:37101:64.9:568888:83.3:30769.2:100.0',
    '20031103T090315' => '51:500:56699:98.2:42666:14.9:126108:63.1:56325:96.3:639999:98.7:30769.2:100.0',
    '20031024T120001' => '38:500:57015:99.6:211570:90.5:203174:100.0:57142:99.4:640000:100.0:30769.2:100.0',
    '20050115T111350' => '',
    '20050115T111316' => '',
    '20040408T153154' => '11:100:57853:99.4:256000:87.5:249756:100.0:49951:86.8:640000:106.3:33333.3:100.0',
    '20031103T093001' => '13:100:55956:99.5:262564:84.6:97523:39.0:56574:98.9:639999:100.0:30769.2:100.0',
    '20031103T110000' => '15:100:56888:100.0:83252:26.0:32100:13.8:57206:98.9:640000:106.3:30769.2:100.0',
    '20031103T103001' => '16:100:44912:78.5:301176:100.0:51457:21.1:38208:66.0:173559:28.8:33333.3:100.0'
  }
);
